{"logTime": "0510/111301", "correlationVector":"DD6ZgaFV2WzDjdiHXgc4Ld.1","action":"SyncServerConnectionManagerRequest", "result":"SYNC_SERVER_OK", "context":{"environment":"Prod_westeurope_prod-s01-079-eur-westeurope", "migrationStage":"NotStarted", "server":"akswtt00800002q"}}
{"logTime": "0510/111301", "correlationVector":"DD6ZgaFV2WzDjdiHXgc4Ld.2","action":"ProcessGetUpdates", "result":"Done", "context":{"dataType":"Encryption Keys", "deleted":"0", "process_failed_to_decrypt":"0", "process_pending_decryption":"0", "process_success":"1", "total":"1"}}
{"logTime": "0510/111301", "correlationVector":"JX1rq7pWojiq6vzuvEc+j0","action":"SyncServerConnectionManagerRequest", "result":"SYNC_SERVER_OK", "context":{"environment":"", "migrationStage":"", "server":""}}
{"logTime": "0510/111301", "correlationVector":"JX1rq7pWojiq6vzuvEc+j0.0","action":"EncryptionKeysFetcher.DownloadKeys:", "result":"Success", "context":Key count: 1, Last key timestamp: 2025-02-09T02:53:18Z}
{"logTime": "0510/111301", "correlationVector":"JX1rq7pWojiq6vzuvEc+j0.1","action":"EncryptionKeysManager::SetEncryptionKeys:", "result":"Success", "context":Key names[1]:[Sd/dnCiktwwAXC86kzvt4gdQapmrkNz0R5LMhD/0iuJuJE1zboGP0pK34wsx4bdOntaOw3Z0NB67WcgOSYm3yg==]}
{"logTime": "0510/111301", "correlationVector":"JX1rq7pWojiq6vzuvEc+j0.2","action":"EncryptionKeysManager::SetEncryptionKeysWithTimestamps:", "result":"Success", "context":Key timestamps[1]:[2025-02-09T02:53:18Z]}
{"logTime": "0510/111301", "correlationVector":"DD6ZgaFV2WzDjdiHXgc4Ld","action":"Initial GetUpdates", "result":"", "context":Reason: NEW_CLIENT. cV=DD6ZgaFV2WzDjdiHXgc4Ld}
{"logTime": "0510/111301", "correlationVector":"DD6ZgaFV2WzDjdiHXgc4Ld.3","action":"GetUpdates Response", "result":"Success", "context":Received 1 update(s). cV=DD6ZgaFV2WzDjdiHXgc4Ld.0;server=akswtt00800002q;cloudType=Consumer;environment=Prod_westeurope_prod-s01-079-eur-westeurope;migrationStage=NotStarted}
{"logTime": "0510/111301", "correlationVector":"a5Klp8VtpqOORUgmrRB7eq","action":"Initial GetUpdates", "result":"", "context":Reason: NEWLY_SUPPORTED_DATATYPE. cV=a5Klp8VtpqOORUgmrRB7eq}
{"logTime": "0510/111301", "correlationVector":"a5Klp8VtpqOORUgmrRB7eq.1","action":"SyncServerConnectionManagerRequest", "result":"SYNC_SERVER_OK", "context":{"environment":"Prod_westeurope_prod-s01-079-eur-westeurope", "migrationStage":"NotStarted", "server":"akswtt00800004z"}}
{"logTime": "0510/111301", "correlationVector":"a5Klp8VtpqOORUgmrRB7eq.2","action":"ProcessGetUpdates", "result":"Done", "context":{"dataType":"Preferences", "deleted":"0", "process_failed_to_decrypt":"0", "process_pending_decryption":"0", "process_success":"38", "total":"38"}}
{"logTime": "0510/111301", "correlationVector":"a5Klp8VtpqOORUgmrRB7eq.3","action":"ProcessGetUpdates", "result":"Done", "context":{"dataType":"Passwords", "deleted":"0", "process_failed_to_decrypt":"0", "process_pending_decryption":"0", "process_success":"3", "total":"3"}}
{"logTime": "0510/111301", "correlationVector":"a5Klp8VtpqOORUgmrRB7eq.4","action":"ProcessGetUpdates", "result":"Done", "context":{"dataType":"Device Info", "deleted":"0", "process_failed_to_decrypt":"0", "process_pending_decryption":"0", "process_success":"3", "total":"3"}}
{"logTime": "0510/111301", "correlationVector":"a5Klp8VtpqOORUgmrRB7eq.5","action":"GetUpdates Response", "result":"Success", "context":Received 44 update(s). cV=a5Klp8VtpqOORUgmrRB7eq.0;server=akswtt00800004z;cloudType=Consumer;environment=Prod_westeurope_prod-s01-079-eur-westeurope;migrationStage=NotStarted}
{"logTime": "0510/111301", "correlationVector":"QfPueuF3QrUBonPcmlpxlL","action":"Initial GetUpdates", "result":"", "context":Reason: NEWLY_SUPPORTED_DATATYPE. cV=QfPueuF3QrUBonPcmlpxlL}
{"logTime": "0510/111301", "correlationVector":"QfPueuF3QrUBonPcmlpxlL.1","action":"SyncServerConnectionManagerRequest", "result":"SYNC_SERVER_OK", "context":{"environment":"Prod_westeurope_prod-s01-079-eur-westeurope", "migrationStage":"NotStarted", "server":"akswtt00800001y"}}
{"logTime": "0510/111301", "correlationVector":"QfPueuF3QrUBonPcmlpxlL.2","action":"ProcessGetUpdates", "result":"Done", "context":{"dataType":"Bookmarks", "deleted":"0", "process_failed_to_decrypt":"0", "process_pending_decryption":"0", "process_success":"5", "total":"5"}}
{"logTime": "0510/111301", "correlationVector":"QfPueuF3QrUBonPcmlpxlL.3","action":"GetUpdates Response", "result":"Success", "context":Received 5 update(s). cV=QfPueuF3QrUBonPcmlpxlL.0;server=akswtt00800001y;cloudType=Consumer;environment=Prod_westeurope_prod-s01-079-eur-westeurope;migrationStage=NotStarted}
{"logTime": "0510/111301", "correlationVector":"+YkwzWHR5BMWG/XWR7vJkf","action":"Initial GetUpdates", "result":"", "context":Reason: NEWLY_SUPPORTED_DATATYPE. cV=+YkwzWHR5BMWG/XWR7vJkf}
{"logTime": "0510/111302", "correlationVector":"+YkwzWHR5BMWG/XWR7vJkf.1","action":"SyncServerConnectionManagerRequest", "result":"SYNC_SERVER_OK", "context":{"environment":"Prod_westeurope_prod-s01-079-eur-westeurope", "migrationStage":"NotStarted", "server":"akswtt00800004z"}}
{"logTime": "0510/111302", "correlationVector":"+YkwzWHR5BMWG/XWR7vJkf.2","action":"ProcessGetUpdates", "result":"Done", "context":{"dataType":"Autofill Profiles", "deleted":"0", "process_failed_to_decrypt":"0", "process_pending_decryption":"0", "process_success":"16", "total":"16"}}
{"logTime": "0510/111302", "correlationVector":"+YkwzWHR5BMWG/XWR7vJkf.3","action":"ProcessGetUpdates", "result":"Done", "context":{"dataType":"Autofill", "deleted":"0", "process_failed_to_decrypt":"0", "process_pending_decryption":"0", "process_success":"26", "total":"26"}}
{"logTime": "0510/111302", "correlationVector":"+YkwzWHR5BMWG/XWR7vJkf.4","action":"ProcessGetUpdates", "result":"Done", "context":{"dataType":"Sessions", "deleted":"102", "process_failed_to_decrypt":"0", "process_pending_decryption":"0", "process_success":"107", "total":"107"}}
{"logTime": "0510/111302", "correlationVector":"+YkwzWHR5BMWG/XWR7vJkf.5","action":"ProcessGetUpdates", "result":"Done", "context":{"dataType":"Edge Hub App Usage", "deleted":"1", "process_failed_to_decrypt":"0", "process_pending_decryption":"0", "process_success":"9", "total":"9"}}
{"logTime": "0510/111302", "correlationVector":"+YkwzWHR5BMWG/XWR7vJkf.6","action":"GetUpdates Response", "result":"Success", "context":Received 158 update(s). cV=+YkwzWHR5BMWG/XWR7vJkf.0;server=akswtt00800004z;cloudType=Consumer;environment=Prod_westeurope_prod-s01-079-eur-westeurope;migrationStage=NotStarted}
{"logTime": "0510/111302", "correlationVector":"oeEu2C8LHfn5SW0zwD8KEh","action":"Initial GetUpdates", "result":"", "context":Reason: NEWLY_SUPPORTED_DATATYPE. cV=oeEu2C8LHfn5SW0zwD8KEh}
{"logTime": "0510/111302", "correlationVector":"oeEu2C8LHfn5SW0zwD8KEh.1","action":"SyncServerConnectionManagerRequest", "result":"SYNC_SERVER_OK", "context":{"environment":"Prod_westeurope_prod-s01-079-eur-westeurope", "migrationStage":"NotStarted", "server":"akswtt00800001y"}}
{"logTime": "0510/111302", "correlationVector":"oeEu2C8LHfn5SW0zwD8KEh.2","action":"ProcessGetUpdates", "result":"Done", "context":{"dataType":"History", "deleted":"0", "process_failed_to_decrypt":"0", "process_pending_decryption":"0", "process_success":"1", "total":"1"}}
{"logTime": "0510/111302", "correlationVector":"oeEu2C8LHfn5SW0zwD8KEh.3","action":"GetUpdates Response", "result":"Success", "context":Received 1 update(s). cV=oeEu2C8LHfn5SW0zwD8KEh.0;server=akswtt00800001y;cloudType=Consumer;environment=Prod_westeurope_prod-s01-079-eur-westeurope;migrationStage=NotStarted}
{"logTime": "0510/111302", "correlationVector":"VMt8TK0hE/WG66t7tzAqmL","action":"Normal GetUpdate request", "result":"", "context":cV=VMt8TK0hE/WG66t7tzAqmL
Nudged types: Sessions, Device Info, User Consents
Refresh requested types: Bookmarks, Preferences, Passwords, Autofill Profiles, Autofill, Extensions, Sessions, Extension settings, History Delete Directives, Device Info, User Consents, Send Tab To Self, Web Apps, History, Saved Tab Group, Collection, Edge E Drop, Edge Hub App Usage, Edge Tab Group, Edge Wallet, Encryption Keys}
{"logTime": "0510/111302", "correlationVector":"VMt8TK0hE/WG66t7tzAqmL.1","action":"SyncServerConnectionManagerRequest", "result":"SYNC_SERVER_OK", "context":{"environment":"Prod_westeurope_prod-s01-079-eur-westeurope", "migrationStage":"NotStarted", "server":"akswtt00800002b"}}
{"logTime": "0510/111302", "correlationVector":"VMt8TK0hE/WG66t7tzAqmL.2","action":"GetUpdates Response", "result":"Success", "context":Received 0 update(s). cV=VMt8TK0hE/WG66t7tzAqmL.0;server=akswtt00800002b;cloudType=Consumer;environment=Prod_westeurope_prod-s01-079-eur-westeurope;migrationStage=NotStarted}
{"logTime": "0510/111302", "correlationVector":"R6/o1gC3Patw4hEZcp9Mcq","action":"DoCompareDataConsistency requsted types: ", "result":"Bookmarks, Preferences, Passwords, Extensions, Extension settings, History Delete Directives, Send Tab To Self, Web Apps, History, Saved Tab Group, Collection, Edge E Drop, Edge Tab Group, Edge Wallet, Encryption Keys"}
{"logTime": "0510/111302", "correlationVector":"R6/o1gC3Patw4hEZcp9Mcq.0","action":"CompareDataConsistency result: ", "result":"Compare result: Encryption Keys is consistent. local entities count is: 1 local entities hash is: Uws+thElFhKwdSsT5/gcH03/ejU="}
{"logTime": "0510/111302", "correlationVector":"R6/o1gC3Patw4hEZcp9Mcq.1","action":"CompareDataConsistency result: ", "result":"Compare result: Bookmarks is consistent. local entities count is: 0 local entities hash is: "}
{"logTime": "0510/111302", "correlationVector":"R6/o1gC3Patw4hEZcp9Mcq.2","action":"CompareDataConsistency result: ", "result":"Compare result: Preferences is consistent. local entities count is: 38 local entities hash is: /nvAlHpsB8lULXZfaTqYtftEEO4="}
{"logTime": "0510/111302", "correlationVector":"R6/o1gC3Patw4hEZcp9Mcq.3","action":"CompareDataConsistency result: ", "result":"Compare result: Extensions is consistent. local entities count is: 0 local entities hash is: "}
{"logTime": "0510/111302", "correlationVector":"R6/o1gC3Patw4hEZcp9Mcq.4","action":"CompareDataConsistency result: ", "result":"Compare result: Extension settings is consistent. local entities count is: 0 local entities hash is: "}
{"logTime": "0510/111302", "correlationVector":"R6/o1gC3Patw4hEZcp9Mcq.5","action":"CompareDataConsistency result: ", "result":"Compare result: History Delete Directives is consistent. local entities count is: 0 local entities hash is: "}
{"logTime": "0510/111302", "correlationVector":"R6/o1gC3Patw4hEZcp9Mcq.6","action":"CompareDataConsistency result: ", "result":"Server did not send this Send Tab To Self local entities count is: 0 local entities hash is: "}
{"logTime": "0510/111302", "correlationVector":"R6/o1gC3Patw4hEZcp9Mcq.7","action":"CompareDataConsistency result: ", "result":"Compare result: Web Apps is consistent. local entities count is: 0 local entities hash is: "}
{"logTime": "0510/111302", "correlationVector":"R6/o1gC3Patw4hEZcp9Mcq.8","action":"CompareDataConsistency result: ", "result":"Server did not send this History local entities count is: 0 local entities hash is: "}
{"logTime": "0510/111302", "correlationVector":"R6/o1gC3Patw4hEZcp9Mcq.9","action":"CompareDataConsistency result: ", "result":"Compare result: Saved Tab Group is consistent. local entities count is: 0 local entities hash is: "}
{"logTime": "0510/111302", "correlationVector":"R6/o1gC3Patw4hEZcp9Mcq.10","action":"CompareDataConsistency result: ", "result":"Compare result: Collection is consistent. local entities count is: 0 local entities hash is: "}
{"logTime": "0510/111302", "correlationVector":"R6/o1gC3Patw4hEZcp9Mcq.11","action":"CompareDataConsistency result: ", "result":"Compare result: Edge E Drop is consistent. local entities count is: 0 local entities hash is: "}
{"logTime": "0510/111302", "correlationVector":"R6/o1gC3Patw4hEZcp9Mcq.12","action":"CompareDataConsistency result: ", "result":"Compare result: Edge Tab Group is consistent. local entities count is: 0 local entities hash is: "}
{"logTime": "0510/111302", "correlationVector":"R6/o1gC3Patw4hEZcp9Mcq.13","action":"CompareDataConsistency result: ", "result":"Compare result: Edge Wallet is consistent. local entities count is: 0 local entities hash is: "}
{"logTime": "0510/111302", "correlationVector":"R6/o1gC3Patw4hEZcp9Mcq.14","action":"CompareDataConsistency result: ", "result":"Compare result: Passwords is consistent. local entities count is: 3 local entities hash is: qfY3BfRnKA2ieOAf366z6U5NYYk="}
{"logTime": "0510/111302", "correlationVector":"hABnS2BXt8nZ4rqFKeUnyw","action":"Commit Request", "result":"", "context":Item count: 4
Contributing types: Sessions, Device Info, User Consents}
{"logTime": "0510/111302", "correlationVector":"hABnS2BXt8nZ4rqFKeUnyw.1","action":"SyncServerConnectionManagerRequest", "result":"SYNC_SERVER_OK", "context":{"environment":"Prod_westeurope_prod-s01-079-eur-westeurope", "migrationStage":"NotStarted", "server":"akswtt00800001k"}}
{"logTime": "0510/111302", "correlationVector":"hABnS2BXt8nZ4rqFKeUnyw.2","action":"Commit Response", "result":"Success", "context":Result: Success. cV=hABnS2BXt8nZ4rqFKeUnyw.0;server=akswtt00800001k;cloudType=Consumer;environment=Prod_westeurope_prod-s01-079-eur-westeurope;migrationStage=NotStarted}
{"logTime": "0510/111302", "correlationVector":"","action":"DIAGNOSTIC_REQUEST|v1/diagnosticData/Diagnostic.SendCheckResult()|SUCCESS", "result":""}
{"logTime": "0510/111302", "correlationVector":"UVKHTxpk7ggGCPX5yYcZXj","action":"Commit Request", "result":"", "context":Item count: 1
Contributing types: User Consents}
{"logTime": "0510/111303", "correlationVector":"UVKHTxpk7ggGCPX5yYcZXj.1","action":"SyncServerConnectionManagerRequest", "result":"SYNC_SERVER_OK", "context":{"environment":"Prod_westeurope_prod-s01-079-eur-westeurope", "migrationStage":"NotStarted", "server":"akswtt00800004q"}}
{"logTime": "0510/111303", "correlationVector":"UVKHTxpk7ggGCPX5yYcZXj.2","action":"Commit Response", "result":"Success", "context":Result: Success. cV=UVKHTxpk7ggGCPX5yYcZXj.0;server=akswtt00800004q;cloudType=Consumer;environment=Prod_westeurope_prod-s01-079-eur-westeurope;migrationStage=NotStarted}
{"logTime": "0510/111306", "correlationVector":"DQNRc5RINI1ezmCZ60GrKl","action":"Commit Request", "result":"", "context":Item count: 1
Contributing types: Edge Hub App Usage}
{"logTime": "0510/111306", "correlationVector":"DQNRc5RINI1ezmCZ60GrKl.1","action":"SyncServerConnectionManagerRequest", "result":"SYNC_SERVER_OK", "context":{"environment":"Prod_westeurope_prod-s01-079-eur-westeurope", "migrationStage":"NotStarted", "server":"akswtt008000018"}}
{"logTime": "0510/111306", "correlationVector":"DQNRc5RINI1ezmCZ60GrKl.2","action":"Commit Response", "result":"Success", "context":Result: Success. cV=DQNRc5RINI1ezmCZ60GrKl.0;server=akswtt008000018;cloudType=Consumer;environment=Prod_westeurope_prod-s01-079-eur-westeurope;migrationStage=NotStarted}
